[debug] [2024-02-11T19:03:34.216Z] ----------------------------------------------------------------------
[debug] [2024-02-11T19:03:34.218Z] Command:       C:\Program Files\nodejs\node.exe C:\Users\Hitesh\AppData\Roaming\npm\node_modules\firebase-tools\lib\bin\firebase.js init
[debug] [2024-02-11T19:03:34.218Z] CLI Version:   13.2.1
[debug] [2024-02-11T19:03:34.218Z] Platform:      win32
[debug] [2024-02-11T19:03:34.218Z] Node Version:  v18.17.1
[debug] [2024-02-11T19:03:34.219Z] Time:          Mon Feb 12 2024 00:33:34 GMT+0530 (India Standard Time)
[debug] [2024-02-11T19:03:34.219Z] ----------------------------------------------------------------------
[debug] 
[debug] [2024-02-11T19:03:34.221Z] >>> [apiv2][query] GET https://firebase-public.firebaseio.com/cli.json [none]
[debug] [2024-02-11T19:03:34.302Z] > command requires scopes: ["email","openid","https://www.googleapis.com/auth/cloudplatformprojects.readonly","https://www.googleapis.com/auth/firebase","https://www.googleapis.com/auth/cloud-platform"]
[debug] [2024-02-11T19:03:34.302Z] > authorizing via signed-in user (hiteshm.ic.20@nitj.ac.in)
[info] 
     ######## #### ########  ######## ########     ###     ######  ########
     ##        ##  ##     ## ##       ##     ##  ##   ##  ##       ##
     ######    ##  ########  ######   ########  #########  ######  ######
     ##        ##  ##    ##  ##       ##     ## ##     ##       ## ##
     ##       #### ##     ## ######## ########  ##     ##  ######  ########

You're about to initialize a Firebase project in this directory:

  E:\betalectic

Before we get started, keep in mind:

  * You are initializing within an existing Firebase project directory

[debug] [2024-02-11T19:03:34.945Z] <<< [apiv2][status] GET https://firebase-public.firebaseio.com/cli.json 200
[debug] [2024-02-11T19:03:34.946Z] <<< [apiv2][body] GET https://firebase-public.firebaseio.com/cli.json {"cloudBuildErrorAfter":1594252800000,"cloudBuildWarnAfter":1590019200000,"defaultNode10After":1594252800000,"minVersion":"3.0.5","node8DeploysDisabledAfter":1613390400000,"node8RuntimeDisabledAfter":1615809600000,"node8WarnAfter":1600128000000}
[info] 
=== Project Setup
[info] 
[info] First, let's associate this project directory with a Firebase project.
[info] You can create multiple project aliases by running firebase use --add, 
[info] but for now we'll just set up a default project.
[info] 
[debug] [2024-02-11T19:03:45.117Z] Using project from CLI flag: beta-rohit
[debug] [2024-02-11T19:03:45.118Z] > refreshing access token with scopes: []
[debug] [2024-02-11T19:03:45.118Z] >>> [apiv2][query] POST https://www.googleapis.com/oauth2/v3/token [none]
[debug] [2024-02-11T19:03:45.118Z] >>> [apiv2][body] POST https://www.googleapis.com/oauth2/v3/token [omitted]
[debug] [2024-02-11T19:03:45.437Z] <<< [apiv2][status] POST https://www.googleapis.com/oauth2/v3/token 200
[debug] [2024-02-11T19:03:45.437Z] <<< [apiv2][body] POST https://www.googleapis.com/oauth2/v3/token [omitted]
[debug] [2024-02-11T19:03:45.442Z] >>> [apiv2][query] GET https://firebase.googleapis.com/v1beta1/projects/beta-rohit [none]
[debug] [2024-02-11T19:03:46.321Z] <<< [apiv2][status] GET https://firebase.googleapis.com/v1beta1/projects/beta-rohit 200
[debug] [2024-02-11T19:03:46.321Z] <<< [apiv2][body] GET https://firebase.googleapis.com/v1beta1/projects/beta-rohit {"projectId":"beta-rohit","projectNumber":"1062125874311","displayName":"Beta Rohit","name":"projects/beta-rohit","resources":{"hostingSite":"beta-rohit"},"state":"ACTIVE","etag":"1_2ad87a91-9f23-4e57-bb6e-3c2a861419a6"}
[info] i  Using project beta-rohit (Beta Rohit) 
[info] 
=== Hosting Setup
[debug] [2024-02-11T19:03:46.332Z] >>> [apiv2][query] GET https://firebase.googleapis.com/v1beta1/projects/beta-rohit [none]
[debug] [2024-02-11T19:03:47.009Z] <<< [apiv2][status] GET https://firebase.googleapis.com/v1beta1/projects/beta-rohit 200
[debug] [2024-02-11T19:03:47.010Z] <<< [apiv2][body] GET https://firebase.googleapis.com/v1beta1/projects/beta-rohit {"projectId":"beta-rohit","projectNumber":"1062125874311","displayName":"Beta Rohit","name":"projects/beta-rohit","resources":{"hostingSite":"beta-rohit"},"state":"ACTIVE","etag":"1_2ad87a91-9f23-4e57-bb6e-3c2a861419a6"}
[info] 
[info] Your public directory is the folder (relative to your project directory) that
[info] will contain Hosting assets to be uploaded with firebase deploy. If you
[info] have a build process for your assets, use your build's output directory.
[info] 
[debug] [2024-02-11T19:03:53.393Z] >>> [apiv2][query] GET https://www.gstatic.com/firebasejs/releases.json [none]
[debug] [2024-02-11T19:03:53.597Z] <<< [apiv2][status] GET https://www.gstatic.com/firebasejs/releases.json 200
[debug] [2024-02-11T19:03:53.597Z] <<< [apiv2][body] GET https://www.gstatic.com/firebasejs/releases.json {"current":{"version":"10.8.0","browserURL":"https://www.gstatic.com/firebasejs/10.8.0/firebase.js","packageURL":"https://www.gstatic.com/firebasejs/10.8.0/firebase.tgz"},"live":{"version":"10.8","browserURL":"https://www.gstatic.com/firebasejs/live/10.8/firebase.js","packageURL":"https://www.gstatic.com/firebasejs/live/10.8/firebase.tgz"},"components":{"analytics":"https://www.gstatic.com/firebasejs/10.8.0/firebase-analytics.js","app":"https://www.gstatic.com/firebasejs/10.8.0/firebase-app.js","app-check":"https://www.gstatic.com/firebasejs/10.8.0/firebase-app-check.js","auth":"https://www.gstatic.com/firebasejs/10.8.0/firebase-auth.js","auth/cordova":"https://www.gstatic.com/firebasejs/10.8.0/firebase-auth/cordova.js","auth/web-extension":"https://www.gstatic.com/firebasejs/10.8.0/firebase-auth/web-extension.js","functions":"https://www.gstatic.com/firebasejs/10.8.0/firebase-functions.js","firestore":"https://www.gstatic.com/firebasejs/10.8.0/firebase-firestore.js","firestore/lite":"https://www.gstatic.com/firebasejs/10.8.0/firebase-firestore/lite.js","installations":"https://www.gstatic.com/firebasejs/10.8.0/firebase-installations.js","storage":"https://www.gstatic.com/firebasejs/10.8.0/firebase-storage.js","performance":"https://www.gstatic.com/firebasejs/10.8.0/firebase-performance.js","remote-config":"https://www.gstatic.com/firebasejs/10.8.0/firebase-remote-config.js","messaging":"https://www.gstatic.com/firebasejs/10.8.0/firebase-messaging.js","messaging/sw":"https://www.gstatic.com/firebasejs/10.8.0/firebase-messaging/sw.js","database":"https://www.gstatic.com/firebasejs/10.8.0/firebase-database.js","firestore.memory":"https://www.gstatic.com/firebasejs/10.8.0/firebase-firestore.memory.js"}}
[info] +  Wrote y/index.html 
[info] 
[info] i  Detected a .git folder at E:\betalectic 
[info] i  Authorizing with GitHub to upload your service account to a GitHub repository's secrets store. 
[info] 
[info] Visit this URL on this device to log in:
[info] https://github.com/login/oauth/authorize?client_id=89cf50f02ac6aaed3484&state=90465173&redirect_uri=http%3A%2F%2Flocalhost%3A9005&scope=read%3Auser%20repo%20public_repo
[info] 
[info] Waiting for authentication...
[debug] [2024-02-11T19:03:54.220Z] >>> [apiv2][query] POST https://github.com/login/oauth/access_token [none]
[debug] [2024-02-11T19:03:54.220Z] >>> [apiv2][body] POST https://github.com/login/oauth/access_token [stream]
[debug] [2024-02-11T19:03:54.634Z] <<< [apiv2][status] POST https://github.com/login/oauth/access_token 200
[debug] [2024-02-11T19:03:54.634Z] <<< [apiv2][body] POST https://github.com/login/oauth/access_token {"access_token":"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","token_type":"bearer","scope":"read:user,repo"}
[debug] [2024-02-11T19:03:54.643Z] >>> [apiv2][query] GET https://api.github.com/user [none]
[debug] [2024-02-11T19:03:55.113Z] <<< [apiv2][status] GET https://api.github.com/user 200
[debug] [2024-02-11T19:03:55.113Z] <<< [apiv2][body] GET https://api.github.com/user {"login":"10Knockout","id":98529891,"node_id":"U_kgDOBd9yYw","avatar_url":"https://avatars.githubusercontent.com/u/98529891?v=4","gravatar_id":"","url":"https://api.github.com/users/10Knockout","html_url":"https://github.com/10Knockout","followers_url":"https://api.github.com/users/10Knockout/followers","following_url":"https://api.github.com/users/10Knockout/following{/other_user}","gists_url":"https://api.github.com/users/10Knockout/gists{/gist_id}","starred_url":"https://api.github.com/users/10Knockout/starred{/owner}{/repo}","subscriptions_url":"https://api.github.com/users/10Knockout/subscriptions","organizations_url":"https://api.github.com/users/10Knockout/orgs","repos_url":"https://api.github.com/users/10Knockout/repos","events_url":"https://api.github.com/users/10Knockout/events{/privacy}","received_events_url":"https://api.github.com/users/10Knockout/received_events","type":"User","site_admin":false,"name":null,"company":null,"blog":"","location":null,"email":null,"hireable":null,"bio":null,"twitter_username":null,"public_repos":3,"public_gists":0,"followers":0,"following":1,"created_at":"2022-01-27T12:27:35Z","updated_at":"2024-02-05T12:23:51Z","private_gists":0,"total_private_repos":1,"owned_private_repos":1,"disk_usage":7605,"collaborators":1,"two_factor_authentication":false,"plan":{"name":"pro","space":976562499,"collaborators":0,"private_repos":9999}}
[info] 
[info] +  Success! Logged into GitHub as 10Knockout 
[info] 
